<?xml version="1.0" encoding="UTF-8"?>
<!-- Generated by org.testng.reporters.JUnitReportReporter -->
<testsuite skipped="0" hostname="Nur" name="InvocationCountConcept" tests="10" failures="0" timestamp="07 Jul 2020 01:27:33 GMT" time="0.030" errors="0">
  <testcase name="createUserTest" time="0.002" classname="InvocationCountConcept"/>
  <testcase name="createUserTest" time="0.003" classname="InvocationCountConcept"/>
  <testcase name="createUserTest" time="0.002" classname="InvocationCountConcept"/>
  <testcase name="createUserTest" time="0.001" classname="InvocationCountConcept"/>
  <testcase name="createUserTest" time="0.004" classname="InvocationCountConcept"/>
  <testcase name="createUserTest" time="0.001" classname="InvocationCountConcept"/>
  <testcase name="createUserTest" time="0.001" classname="InvocationCountConcept"/>
  <testcase name="createUserTest" time="0.002" classname="InvocationCountConcept"/>
  <testcase name="createUserTest" time="0.002" classname="InvocationCountConcept"/>
  <testcase name="createUserTest" time="0.012" classname="InvocationCountConcept"/>
</testsuite> <!-- InvocationCountConcept -->
