<?xml version="1.0" encoding="UTF-8"?>
<!-- Generated by org.testng.reporters.JUnitReportReporter -->
<testsuite skipped="0" hostname="Nur" name="DependsoOnMethodsConcept" tests="3" failures="0" timestamp="06 Jul 2020 02:17:09 GMT" time="0.020" errors="0">
  <testcase name="loginTest" time="0.017" classname="DependsoOnMethodsConcept"/>
  <testcase name="dealsTest" time="0.002" classname="DependsoOnMethodsConcept"/>
  <testcase name="homeTest" time="0.001" classname="DependsoOnMethodsConcept"/>
</testsuite> <!-- DependsoOnMethodsConcept -->
